<?xml version="1.0" encoding="UTF-8"?>
<!-- Generated by org.testng.reporters.JUnitReportReporter -->
<testsuite hostname="DESKTOP-M8IKMD8" failures="0" tests="1" name="Booking.Flightbooking" time="18.154" errors="0" timestamp="2024-05-30T08:15:45 NPT" skipped="0">
  <testcase classname="Booking.Flightbooking" name="Booking" time="18.154"/>
  <system-out/>
</testsuite> <!-- Booking.Flightbooking -->
